  account.cpp
c:\users\andrew\documents\coen 244\a3\a3\account.h(10): error C2061: syntax error: identifier 'Customer'
c:\users\andrew\documents\coen 244\a3\a3\account.h(14): error C2061: syntax error: identifier 'Customer'
c:\users\andrew\documents\coen 244\a3\a3\account.h(19): error C3646: 'getAccountOwner': unknown override specifier
c:\users\andrew\documents\coen 244\a3\a3\account.h(19): error C2059: syntax error: ')'
c:\users\andrew\documents\coen 244\a3\a3\account.h(19): error C2238: unexpected token(s) preceding ';'
c:\users\andrew\documents\coen 244\a3\a3\account.h(33): error C3646: 'accountOwner': unknown override specifier
c:\users\andrew\documents\coen 244\a3\a3\account.h(33): error C4430: missing type specifier - int assumed. Note: C++ does not support default-int
c:\users\andrew\documents\coen 244\a3\a3\savings_account.h(11): error C2061: syntax error: identifier 'Customer'
c:\users\andrew\documents\coen 244\a3\a3\savings_account.h(15): error C2061: syntax error: identifier 'Customer'
c:\users\andrew\documents\coen 244\a3\a3\savings_account.h(23): error C3646: 'getAccountOwner': unknown override specifier
c:\users\andrew\documents\coen 244\a3\a3\savings_account.h(23): error C2059: syntax error: '('
c:\users\andrew\documents\coen 244\a3\a3\savings_account.h(23): error C2238: unexpected token(s) preceding ';'
c:\users\andrew\documents\coen 244\a3\a3\chequing_account.h(10): error C2061: syntax error: identifier 'Customer'
c:\users\andrew\documents\coen 244\a3\a3\chequing_account.h(14): error C2061: syntax error: identifier 'Customer'
c:\users\andrew\documents\coen 244\a3\a3\chequing_account.h(22): error C3646: 'getAccountOwner': unknown override specifier
c:\users\andrew\documents\coen 244\a3\a3\chequing_account.h(22): error C2059: syntax error: '('
c:\users\andrew\documents\coen 244\a3\a3\chequing_account.h(22): error C2238: unexpected token(s) preceding ';'
c:\users\andrew\documents\coen 244\a3\a3\account.cpp(21): error C2065: 'accountOwner': undeclared identifier
c:\users\andrew\documents\coen 244\a3\a3\account.cpp(25): error C2511: 'Account::Account(double,double,Customer)': overloaded member function not found in 'Account'
  c:\users\andrew\documents\coen 244\a3\a3\account.h(6): note: see declaration of 'Account'
c:\users\andrew\documents\coen 244\a3\a3\account.cpp(26): error C2597: illegal reference to non-static member 'Account::accountNumber'
c:\users\andrew\documents\coen 244\a3\a3\account.cpp(28): error C2597: illegal reference to non-static member 'Account::accountBalance'
c:\users\andrew\documents\coen 244\a3\a3\account.cpp(29): error C2597: illegal reference to non-static member 'Account::accountFee'
c:\users\andrew\documents\coen 244\a3\a3\account.cpp(30): error C2065: 'accountOwner': undeclared identifier
  bank.cpp
c:\users\andrew\documents\coen 244\a3\a3\bank.h(19): error C3646: 'bankName': unknown override specifier
c:\users\andrew\documents\coen 244\a3\a3\bank.h(19): error C4430: missing type specifier - int assumed. Note: C++ does not support default-int
c:\users\andrew\documents\coen 244\a3\a3\bank.h(20): error C3646: 'bankAddress': unknown override specifier
c:\users\andrew\documents\coen 244\a3\a3\bank.h(20): error C4430: missing type specifier - int assumed. Note: C++ does not support default-int
c:\users\andrew\documents\coen 244\a3\a3\bank.h(21): error C3646: 'bankPhone': unknown override specifier
c:\users\andrew\documents\coen 244\a3\a3\bank.h(21): error C4430: missing type specifier - int assumed. Note: C++ does not support default-int
c:\users\andrew\documents\coen 244\a3\a3\bank.h(22): error C2143: syntax error: missing ';' before '*'
c:\users\andrew\documents\coen 244\a3\a3\bank.h(22): error C4430: missing type specifier - int assumed. Note: C++ does not support default-int
c:\users\andrew\documents\coen 244\a3\a3\bank.h(22): error C2238: unexpected token(s) preceding ';'
c:\users\andrew\documents\coen 244\a3\a3\branch.h(10): error C2061: syntax error: identifier 'string'
c:\users\andrew\documents\coen 244\a3\a3\branch.h(10): error C2535: 'Branch::Branch(void)': member function already defined or declared
  c:\users\andrew\documents\coen 244\a3\a3\branch.h(9): note: see declaration of 'Branch::Branch'
c:\users\andrew\documents\coen 244\a3\a3\branch.h(12): error C2061: syntax error: identifier 'string'
c:\users\andrew\documents\coen 244\a3\a3\branch.h(13): error C2061: syntax error: identifier 'string'
c:\users\andrew\documents\coen 244\a3\a3\branch.h(14): error C2061: syntax error: identifier 'string'
c:\users\andrew\documents\coen 244\a3\a3\branch.h(17): error C3646: 'getAddress': unknown override specifier
c:\users\andrew\documents\coen 244\a3\a3\branch.h(17): error C2059: syntax error: '('
c:\users\andrew\documents\coen 244\a3\a3\branch.h(17): error C2238: unexpected token(s) preceding ';'
c:\users\andrew\documents\coen 244\a3\a3\branch.h(18): error C3646: 'getPhone': unknown override specifier
c:\users\andrew\documents\coen 244\a3\a3\branch.h(18): error C2059: syntax error: '('
c:\users\andrew\documents\coen 244\a3\a3\branch.h(18): error C2238: unexpected token(s) preceding ';'
c:\users\andrew\documents\coen 244\a3\a3\branch.h(21): error C2061: syntax error: identifier 'Account'
c:\users\andrew\documents\coen 244\a3\a3\branch.h(22): error C2061: syntax error: identifier 'Account'
c:\users\andrew\documents\coen 244\a3\a3\branch.h(40): error C3646: 'branchAddress': unknown override specifier
c:\users\andrew\documents\coen 244\a3\a3\branch.h(40): error C4430: missing type specifier - int assumed. Note: C++ does not support default-int
c:\users\andrew\documents\coen 244\a3\a3\branch.h(41): error C3646: 'branchPhone': unknown override specifier
c:\users\andrew\documents\coen 244\a3\a3\branch.h(41): error C4430: missing type specifier - int assumed. Note: C++ does not support default-int
c:\users\andrew\documents\coen 244\a3\a3\branch.h(42): error C2143: syntax error: missing ';' before '*'
c:\users\andrew\documents\coen 244\a3\a3\branch.h(42): error C4430: missing type specifier - int assumed. Note: C++ does not support default-int
c:\users\andrew\documents\coen 244\a3\a3\branch.h(42): error C2238: unexpected token(s) preceding ';'
c:\users\andrew\documents\coen 244\a3\a3\account.h(10): error C2061: syntax error: identifier 'Customer'
c:\users\andrew\documents\coen 244\a3\a3\account.h(14): error C2061: syntax error: identifier 'Customer'
c:\users\andrew\documents\coen 244\a3\a3\account.h(19): error C3646: 'getAccountOwner': unknown override specifier
c:\users\andrew\documents\coen 244\a3\a3\account.h(19): error C2059: syntax error: ')'
c:\users\andrew\documents\coen 244\a3\a3\account.h(19): error C2238: unexpected token(s) preceding ';'
c:\users\andrew\documents\coen 244\a3\a3\account.h(33): error C3646: 'accountOwner': unknown override specifier
c:\users\andrew\documents\coen 244\a3\a3\account.h(33): error C4430: missing type specifier - int assumed. Note: C++ does not support default-int
c:\users\andrew\documents\coen 244\a3\a3\savings_account.h(11): error C2061: syntax error: identifier 'Customer'
c:\users\andrew\documents\coen 244\a3\a3\savings_account.h(15): error C2061: syntax error: identifier 'Customer'
c:\users\andrew\documents\coen 244\a3\a3\savings_account.h(23): error C3646: 'getAccountOwner': unknown override specifier
c:\users\andrew\documents\coen 244\a3\a3\savings_account.h(23): error C2059: syntax error: '('
c:\users\andrew\documents\coen 244\a3\a3\savings_account.h(23): error C2238: unexpected token(s) preceding ';'
c:\users\andrew\documents\coen 244\a3\a3\chequing_account.h(10): error C2061: syntax error: identifier 'Customer'
c:\users\andrew\documents\coen 244\a3\a3\chequing_account.h(14): error C2061: syntax error: identifier 'Customer'
c:\users\andrew\documents\coen 244\a3\a3\chequing_account.h(22): error C3646: 'getAccountOwner': unknown override specifier
c:\users\andrew\documents\coen 244\a3\a3\chequing_account.h(22): error C2059: syntax error: '('
c:\users\andrew\documents\coen 244\a3\a3\chequing_account.h(22): error C2238: unexpected token(s) preceding ';'
  branch.cpp
c:\users\andrew\documents\coen 244\a3\a3\branch.h(10): error C2061: syntax error: identifier 'string'
c:\users\andrew\documents\coen 244\a3\a3\branch.h(10): error C2535: 'Branch::Branch(void)': member function already defined or declared
  c:\users\andrew\documents\coen 244\a3\a3\branch.h(9): note: see declaration of 'Branch::Branch'
c:\users\andrew\documents\coen 244\a3\a3\branch.h(12): error C2061: syntax error: identifier 'string'
c:\users\andrew\documents\coen 244\a3\a3\branch.h(13): error C2061: syntax error: identifier 'string'
c:\users\andrew\documents\coen 244\a3\a3\branch.h(14): error C2061: syntax error: identifier 'string'
c:\users\andrew\documents\coen 244\a3\a3\branch.h(17): error C3646: 'getAddress': unknown override specifier
c:\users\andrew\documents\coen 244\a3\a3\branch.h(17): error C2059: syntax error: '('
c:\users\andrew\documents\coen 244\a3\a3\branch.h(17): error C2238: unexpected token(s) preceding ';'
c:\users\andrew\documents\coen 244\a3\a3\branch.h(18): error C3646: 'getPhone': unknown override specifier
c:\users\andrew\documents\coen 244\a3\a3\branch.h(18): error C2059: syntax error: '('
c:\users\andrew\documents\coen 244\a3\a3\branch.h(18): error C2238: unexpected token(s) preceding ';'
c:\users\andrew\documents\coen 244\a3\a3\branch.h(21): error C2061: syntax error: identifier 'Account'
c:\users\andrew\documents\coen 244\a3\a3\branch.h(22): error C2061: syntax error: identifier 'Account'
c:\users\andrew\documents\coen 244\a3\a3\branch.h(40): error C3646: 'branchAddress': unknown override specifier
c:\users\andrew\documents\coen 244\a3\a3\branch.h(40): error C4430: missing type specifier - int assumed. Note: C++ does not support default-int
c:\users\andrew\documents\coen 244\a3\a3\branch.h(41): error C3646: 'branchPhone': unknown override specifier
c:\users\andrew\documents\coen 244\a3\a3\branch.h(41): error C4430: missing type specifier - int assumed. Note: C++ does not support default-int
c:\users\andrew\documents\coen 244\a3\a3\branch.h(42): error C2143: syntax error: missing ';' before '*'
c:\users\andrew\documents\coen 244\a3\a3\branch.h(42): error C4430: missing type specifier - int assumed. Note: C++ does not support default-int
c:\users\andrew\documents\coen 244\a3\a3\branch.h(42): error C2238: unexpected token(s) preceding ';'
c:\users\andrew\documents\coen 244\a3\a3\account.h(10): error C2061: syntax error: identifier 'Customer'
c:\users\andrew\documents\coen 244\a3\a3\account.h(14): error C2061: syntax error: identifier 'Customer'
c:\users\andrew\documents\coen 244\a3\a3\account.h(19): error C3646: 'getAccountOwner': unknown override specifier
c:\users\andrew\documents\coen 244\a3\a3\account.h(19): error C2059: syntax error: ')'
c:\users\andrew\documents\coen 244\a3\a3\account.h(19): error C2238: unexpected token(s) preceding ';'
c:\users\andrew\documents\coen 244\a3\a3\account.h(33): error C3646: 'accountOwner': unknown override specifier
c:\users\andrew\documents\coen 244\a3\a3\account.h(33): error C4430: missing type specifier - int assumed. Note: C++ does not support default-int
c:\users\andrew\documents\coen 244\a3\a3\savings_account.h(11): error C2061: syntax error: identifier 'Customer'
c:\users\andrew\documents\coen 244\a3\a3\savings_account.h(15): error C2061: syntax error: identifier 'Customer'
c:\users\andrew\documents\coen 244\a3\a3\savings_account.h(23): error C3646: 'getAccountOwner': unknown override specifier
c:\users\andrew\documents\coen 244\a3\a3\savings_account.h(23): error C2059: syntax error: '('
c:\users\andrew\documents\coen 244\a3\a3\savings_account.h(23): error C2238: unexpected token(s) preceding ';'
c:\users\andrew\documents\coen 244\a3\a3\chequing_account.h(10): error C2061: syntax error: identifier 'Customer'
c:\users\andrew\documents\coen 244\a3\a3\chequing_account.h(14): error C2061: syntax error: identifier 'Customer'
c:\users\andrew\documents\coen 244\a3\a3\chequing_account.h(22): error C3646: 'getAccountOwner': unknown override specifier
c:\users\andrew\documents\coen 244\a3\a3\chequing_account.h(22): error C2059: syntax error: '('
c:\users\andrew\documents\coen 244\a3\a3\chequing_account.h(22): error C2238: unexpected token(s) preceding ';'
c:\users\andrew\documents\coen 244\a3\a3\branch.cpp(19): error C2065: 'branchAddress': undeclared identifier
c:\users\andrew\documents\coen 244\a3\a3\branch.cpp(20): error C2065: 'branchPhone': undeclared identifier
c:\users\andrew\documents\coen 244\a3\a3\branch.cpp(21): error C2065: 'branchAccounts': undeclared identifier
c:\users\andrew\documents\coen 244\a3\a3\branch.cpp(24): error C2511: 'Branch::Branch(std::string,std::string)': overloaded member function not found in 'Branch'
  c:\users\andrew\documents\coen 244\a3\a3\branch.h(6): note: see declaration of 'Branch'
c:\users\andrew\documents\coen 244\a3\a3\branch.cpp(25): error C2597: illegal reference to non-static member 'Branch::branchID'
c:\users\andrew\documents\coen 244\a3\a3\branch.cpp(27): error C2065: 'branchAddress': undeclared identifier
c:\users\andrew\documents\coen 244\a3\a3\branch.cpp(28): error C2065: 'branchPhone': undeclared identifier
c:\users\andrew\documents\coen 244\a3\a3\branch.cpp(29): error C2065: 'branchAccounts': undeclared identifier
c:\users\andrew\documents\coen 244\a3\a3\branch.cpp(33): error C2511: 'void Branch::setBranch(std::string,std::string)': overloaded member function not found in 'Branch'
  c:\users\andrew\documents\coen 244\a3\a3\branch.h(6): note: see declaration of 'Branch'
c:\users\andrew\documents\coen 244\a3\a3\branch.cpp(34): error C2065: 'branchAddress': undeclared identifier
c:\users\andrew\documents\coen 244\a3\a3\branch.cpp(35): error C2065: 'branchPhone': undeclared identifier
c:\users\andrew\documents\coen 244\a3\a3\branch.cpp(36): error C2065: 'branchAccounts': undeclared identifier
c:\users\andrew\documents\coen 244\a3\a3\branch.cpp(39): error C2511: 'void Branch::setAddress(std::string)': overloaded member function not found in 'Branch'
  c:\users\andrew\documents\coen 244\a3\a3\branch.h(6): note: see declaration of 'Branch'
c:\users\andrew\documents\coen 244\a3\a3\branch.cpp(40): error C2065: 'branchAddress': undeclared identifier
c:\users\andrew\documents\coen 244\a3\a3\branch.cpp(43): error C2511: 'void Branch::setPhone(std::string)': overloaded member function not found in 'Branch'
  c:\users\andrew\documents\coen 244\a3\a3\branch.h(6): note: see declaration of 'Branch'
c:\users\andrew\documents\coen 244\a3\a3\branch.cpp(44): error C2065: 'branchPhone': undeclared identifier
c:\users\andrew\documents\coen 244\a3\a3\branch.cpp(51): error C2039: 'getAddress': is not a member of 'Branch'
  c:\users\andrew\documents\coen 244\a3\a3\branch.h(6): note: see declaration of 'Branch'
c:\users\andrew\documents\coen 244\a3\a3\branch.cpp(53): error C2065: 'branchAddress': undeclared identifier
c:\users\andrew\documents\coen 244\a3\a3\branch.cpp(55): error C2039: 'getPhone': is not a member of 'Branch'
  c:\users\andrew\documents\coen 244\a3\a3\branch.h(6): note: see declaration of 'Branch'
c:\users\andrew\documents\coen 244\a3\a3\branch.cpp(57): error C2065: 'branchPhone': undeclared identifier
c:\users\andrew\documents\coen 244\a3\a3\branch.cpp(64): error C2511: 'void Branch::addAccount(Account &)': overloaded member function not found in 'Branch'
  c:\users\andrew\documents\coen 244\a3\a3\branch.h(6): note: see declaration of 'Branch'
c:\users\andrew\documents\coen 244\a3\a3\branch.cpp(65): error C2065: 'branchAccounts': undeclared identifier
c:\users\andrew\documents\coen 244\a3\a3\branch.cpp(65): error C2597: illegal reference to non-static member 'Branch::numAccounts'
c:\users\andrew\documents\coen 244\a3\a3\branch.cpp(65): error C3867: 'Branch::numAccounts': non-standard syntax; use '&' to create a pointer to member
c:\users\andrew\documents\coen 244\a3\a3\branch.cpp(65): error C2568: '[': unable to resolve function overload
c:\users\andrew\documents\coen 244\a3\a3\branch.cpp(66): error C2597: illegal reference to non-static member 'Branch::numAccounts'
c:\users\andrew\documents\coen 244\a3\a3\branch.cpp(66): error C3867: 'Branch::numAccounts': non-standard syntax; use '&' to create a pointer to member
c:\users\andrew\documents\coen 244\a3\a3\branch.cpp(66): error C2105: '++' needs l-value
c:\users\andrew\documents\coen 244\a3\a3\branch.cpp(69): error C2511: 'void Branch::deleteAccount(Account &)': overloaded member function not found in 'Branch'
  c:\users\andrew\documents\coen 244\a3\a3\branch.h(6): note: see declaration of 'Branch'
c:\users\andrew\documents\coen 244\a3\a3\branch.cpp(70): error C2597: illegal reference to non-static member 'Branch::numAccounts'
c:\users\andrew\documents\coen 244\a3\a3\branch.cpp(70): error C3867: 'Branch::numAccounts': non-standard syntax; use '&' to create a pointer to member
c:\users\andrew\documents\coen 244\a3\a3\branch.cpp(70): error C2568: '<': unable to resolve function overload
c:\users\andrew\documents\coen 244\a3\a3\branch.cpp(72): error C2065: 'branchAccounts': undeclared identifier
c:\users\andrew\documents\coen 244\a3\a3\branch.cpp(74): error C2597: illegal reference to non-static member 'Branch::numAccounts'
c:\users\andrew\documents\coen 244\a3\a3\branch.cpp(74): error C3867: 'Branch::numAccounts': non-standard syntax; use '&' to create a pointer to member
c:\users\andrew\documents\coen 244\a3\a3\branch.cpp(76): error C2065: 'branchAccounts': undeclared identifier
c:\users\andrew\documents\coen 244\a3\a3\branch.cpp(78): error C2597: illegal reference to non-static member 'Branch::numAccounts'
c:\users\andrew\documents\coen 244\a3\a3\branch.cpp(78): error C3867: 'Branch::numAccounts': non-standard syntax; use '&' to create a pointer to member
c:\users\andrew\documents\coen 244\a3\a3\branch.cpp(78): error C2105: '--' needs l-value
c:\users\andrew\documents\coen 244\a3\a3\branch.cpp(89): error C2065: 'branchAccounts': undeclared identifier
c:\users\andrew\documents\coen 244\a3\a3\branch.cpp(99): error C2065: 'branchAccounts': undeclared identifier
  chequing_account.cpp
c:\users\andrew\documents\coen 244\a3\a3\account.h(10): error C2061: syntax error: identifier 'Customer'
c:\users\andrew\documents\coen 244\a3\a3\account.h(14): error C2061: syntax error: identifier 'Customer'
c:\users\andrew\documents\coen 244\a3\a3\account.h(19): error C3646: 'getAccountOwner': unknown override specifier
c:\users\andrew\documents\coen 244\a3\a3\account.h(19): error C2059: syntax error: ')'
c:\users\andrew\documents\coen 244\a3\a3\account.h(19): error C2238: unexpected token(s) preceding ';'
c:\users\andrew\documents\coen 244\a3\a3\account.h(33): error C3646: 'accountOwner': unknown override specifier
c:\users\andrew\documents\coen 244\a3\a3\account.h(33): error C4430: missing type specifier - int assumed. Note: C++ does not support default-int
c:\users\andrew\documents\coen 244\a3\a3\chequing_account.h(10): error C2061: syntax error: identifier 'Customer'
c:\users\andrew\documents\coen 244\a3\a3\chequing_account.h(14): error C2061: syntax error: identifier 'Customer'
c:\users\andrew\documents\coen 244\a3\a3\chequing_account.h(22): error C3646: 'getAccountOwner': unknown override specifier
c:\users\andrew\documents\coen 244\a3\a3\chequing_account.h(22): error C2059: syntax error: '('
c:\users\andrew\documents\coen 244\a3\a3\chequing_account.h(22): error C2238: unexpected token(s) preceding ';'
c:\users\andrew\documents\coen 244\a3\a3\chequing_account.cpp(15): error C2511: 'Chequing_Account::Chequing_Account(double,double,Customer,bool,double)': overloaded member function not found in 'Chequing_Account'
  c:\users\andrew\documents\coen 244\a3\a3\chequing_account.h(6): note: see declaration of 'Chequing_Account'
c:\users\andrew\documents\coen 244\a3\a3\chequing_account.cpp(16): error C2550: 'Chequing_Account::{ctor}': constructor initializer lists are only allowed on constructor definitions
c:\users\andrew\documents\coen 244\a3\a3\chequing_account.cpp(17): error C2597: illegal reference to non-static member 'Chequing_Account::can_write_cheques'
c:\users\andrew\documents\coen 244\a3\a3\chequing_account.cpp(18): error C2597: illegal reference to non-static member 'Chequing_Account::overdraft_limit'
c:\users\andrew\documents\coen 244\a3\a3\chequing_account.cpp(30): error C2511: 'void Chequing_Account::setAccountOwner(Customer)': overloaded member function not found in 'Chequing_Account'
  c:\users\andrew\documents\coen 244\a3\a3\chequing_account.h(6): note: see declaration of 'Chequing_Account'
c:\users\andrew\documents\coen 244\a3\a3\chequing_account.cpp(31): error C2065: 'accountOwner': undeclared identifier
c:\users\andrew\documents\coen 244\a3\a3\chequing_account.cpp(54): error C2039: 'getAccountOwner': is not a member of 'Chequing_Account'
  c:\users\andrew\documents\coen 244\a3\a3\chequing_account.h(6): note: see declaration of 'Chequing_Account'
c:\users\andrew\documents\coen 244\a3\a3\chequing_account.cpp(56): error C2065: 'accountOwner': undeclared identifier
  customer.cpp
c:\users\andrew\documents\coen 244\a3\a3\account.h(10): error C2061: syntax error: identifier 'Customer'
c:\users\andrew\documents\coen 244\a3\a3\account.h(14): error C2061: syntax error: identifier 'Customer'
c:\users\andrew\documents\coen 244\a3\a3\account.h(19): error C3646: 'getAccountOwner': unknown override specifier
c:\users\andrew\documents\coen 244\a3\a3\account.h(19): error C2059: syntax error: ')'
c:\users\andrew\documents\coen 244\a3\a3\account.h(19): error C2238: unexpected token(s) preceding ';'
c:\users\andrew\documents\coen 244\a3\a3\account.h(33): error C3646: 'accountOwner': unknown override specifier
c:\users\andrew\documents\coen 244\a3\a3\account.h(33): error C4430: missing type specifier - int assumed. Note: C++ does not support default-int
  savings_account.cpp
c:\users\andrew\documents\coen 244\a3\a3\account.h(10): error C2061: syntax error: identifier 'Customer'
c:\users\andrew\documents\coen 244\a3\a3\account.h(14): error C2061: syntax error: identifier 'Customer'
c:\users\andrew\documents\coen 244\a3\a3\account.h(19): error C3646: 'getAccountOwner': unknown override specifier
c:\users\andrew\documents\coen 244\a3\a3\account.h(19): error C2059: syntax error: ')'
c:\users\andrew\documents\coen 244\a3\a3\account.h(19): error C2238: unexpected token(s) preceding ';'
c:\users\andrew\documents\coen 244\a3\a3\account.h(33): error C3646: 'accountOwner': unknown override specifier
c:\users\andrew\documents\coen 244\a3\a3\account.h(33): error C4430: missing type specifier - int assumed. Note: C++ does not support default-int
c:\users\andrew\documents\coen 244\a3\a3\savings_account.h(11): error C2061: syntax error: identifier 'Customer'
c:\users\andrew\documents\coen 244\a3\a3\savings_account.h(15): error C2061: syntax error: identifier 'Customer'
c:\users\andrew\documents\coen 244\a3\a3\savings_account.h(23): error C3646: 'getAccountOwner': unknown override specifier
c:\users\andrew\documents\coen 244\a3\a3\savings_account.h(23): error C2059: syntax error: '('
c:\users\andrew\documents\coen 244\a3\a3\savings_account.h(23): error C2238: unexpected token(s) preceding ';'
c:\users\andrew\documents\coen 244\a3\a3\savings_account.cpp(14): error C2511: 'Savings_Account::Savings_Account(double,double,Customer,int,double)': overloaded member function not found in 'Savings_Account'
  c:\users\andrew\documents\coen 244\a3\a3\savings_account.h(7): note: see declaration of 'Savings_Account'
c:\users\andrew\documents\coen 244\a3\a3\savings_account.cpp(15): error C2550: 'Savings_Account::{ctor}': constructor initializer lists are only allowed on constructor definitions
c:\users\andrew\documents\coen 244\a3\a3\savings_account.cpp(16): error C2597: illegal reference to non-static member 'Savings_Account::max_transactions'
c:\users\andrew\documents\coen 244\a3\a3\savings_account.cpp(17): error C2597: illegal reference to non-static member 'Savings_Account::interest_rate'
c:\users\andrew\documents\coen 244\a3\a3\savings_account.cpp(29): error C2511: 'void Savings_Account::setAccountOwner(Customer)': overloaded member function not found in 'Savings_Account'
  c:\users\andrew\documents\coen 244\a3\a3\savings_account.h(7): note: see declaration of 'Savings_Account'
c:\users\andrew\documents\coen 244\a3\a3\savings_account.cpp(30): error C2065: 'accountOwner': undeclared identifier
c:\users\andrew\documents\coen 244\a3\a3\savings_account.cpp(53): error C2039: 'getAccountOwner': is not a member of 'Savings_Account'
  c:\users\andrew\documents\coen 244\a3\a3\savings_account.h(7): note: see declaration of 'Savings_Account'
c:\users\andrew\documents\coen 244\a3\a3\savings_account.cpp(55): error C2065: 'accountOwner': undeclared identifier
  Generating Code...
